<?xml version="1.0" encoding="UTF-8"?>
<!-- Generated by org.testng.reporters.JUnitReportReporter -->
<testsuite hostname="DESKTOP-V62BBK2" failures="0" tests="1" name="test.testTreatians" time="63.642" errors="0" timestamp="2023-02-14T11:51:36 IST" skipped="0">
  <testcase classname="test.testTreatians" name="BookAppointment" time="63.642"/>
  <system-out/>
</testsuite> <!-- test.testTreatians -->
