<?xml version="1.0" encoding="UTF-8"?>
<!-- Generated by org.testng.reporters.JUnitReportReporter -->
<testsuite hostname="DESKTOP-V62BBK2" failures="0" tests="1" name="test.testTreatians" time="24.252" errors="0" timestamp="2023-02-20T16:49:48 IST" skipped="0">
  <testcase classname="test.testTreatians" name="verifyAppointment" time="24.252"/>
  <system-out/>
</testsuite> <!-- test.testTreatians -->
