<?xml version="1.0" encoding="UTF-8"?>
<!-- Generated by org.testng.reporters.JUnitReportReporter -->
<testsuite hostname="DESKTOP-V62BBK2" failures="0" tests="1" name="test.testTreatians" time="37.388" errors="0" timestamp="2023-02-17T16:19:20 IST" skipped="0">
  <testcase classname="test.testTreatians" name="BookAppointment" time="37.388"/>
  <system-out/>
</testsuite> <!-- test.testTreatians -->
