<?xml version="1.0" encoding="UTF-8"?>
<!-- Generated by org.testng.reporters.JUnitReportReporter -->
<testsuite skipped="0" hostname="DESKTOP-V62BBK2" name="test.testTreatians" tests="5" failures="0" timestamp="2023-06-19T17:55:22 IST" time="88.232" errors="0">
  <testcase name="openWebApp" time="39.924" classname="test.testTreatians"/>
  <system-out/>
  <testcase name="MobileSignUp" time="18.982" classname="test.testTreatians"/>
  <system-out/>
  <testcase name="UserListingVerification" time="8.786" classname="test.testTreatians"/>
  <system-out/>
  <testcase name="UpdateUserDetails" time="5.833" classname="test.testTreatians"/>
  <system-out/>
  <testcase name="MobileLogInAndVerification" time="14.707" classname="test.testTreatians"/>
  <system-out/>
</testsuite> <!-- test.testTreatians -->
