<?xml version="1.0" encoding="UTF-8"?>
<!-- Generated by org.testng.reporters.JUnitReportReporter -->
<testsuite skipped="0" hostname="DESKTOP-V62BBK2" name="test.testTreatians" tests="1" failures="0" timestamp="2023-06-15T15:05:29 IST" time="34.832" errors="0">
  <testcase name="Signin" time="34.832" classname="test.testTreatians"/>
  <system-out/>
</testsuite> <!-- test.testTreatians -->
